============================================================
Time  2016/07/08 18:52:13 400 
============================================================
[2016/07/08 18:52:13 404] isr_local  2145 os_type is:  Linux  
[2016/07/08 18:52:13 412] isr_local  2154 SYS_MSG_LOAD_LOCAL  
[2016/07/08 18:52:13 427] isr_local  2183 SYS_MSG_REGCB_LOCAL| param0 =  msp_status_cb  
[2016/07/08 18:52:13 432] isr_local  2242 last gc at  1468029133  
[2016/07/08 18:52:13 457] isr_local  2183 SYS_MSG_REGCB_LOCAL| param0 =  build_grm_cb  
[2016/07/08 18:52:13 462] isr_local  2242 last gc at  1468029133  
[2016/07/08 18:52:13 478] isr_local  2196 ASR_LOCAL_MSG_BUILD_GRM  
[2016/07/08 18:52:13 484] isr_local  1838 grm_init | params:  engine_type = local, 		asr_res_path = fo|res/asr/common.jet, sample_rate = 16000, 		grm_build_path = res/asr/GrmBuilld,   
[2016/07/08 18:52:13 489] isr_local  801  engine_type  :  local  
[2016/07/08 18:52:13 495] isr_local  801  asr_res_path  :  fo|res/asr/common.jet  
[2016/07/08 18:52:13 500] isr_local  801  sample_rate  :  16000  
[2016/07/08 18:52:13 506] isr_local  801  grm_build_path  :  res/asr/GrmBuilld  
[2016/07/08 18:52:13 543] isr_local  998  file count =   1  
[2016/07/08 18:52:13 550] isr_local  921  file open type is:   fo  
[2016/07/08 18:52:13 555] isr_local  954  res/asr/common.jet  0  0  
[2016/07/08 18:52:13 560] isr_local  1016 speech_plus_setting  0  
[2016/07/08 18:52:13 566] isr_local  1029 2  nil  res/asr/common.jet  0  0  
[2016/07/08 18:52:13 584] isr_local  1031 res_ver  2  
[2016/07/08 18:52:13 590] isr_local  1032 res 5  a67ec4631cc3043e4b7fce4a4b7234d9  
[2016/07/08 18:52:13 595] isr_local  1033 res_new_old_mark  v5pp  
[2016/07/08 18:52:13 600] isr_local  1034 res_usr_name    
[2016/07/08 18:52:13 606] isr_local  1035 res_expires  1485072161  
[2016/07/08 18:52:13 611] isr_local  1036 err  0  
[2016/07/08 18:52:13 616] isr_local  1052 lgi appid 5  a67ec4631cc3043e4b7fce4a4b7234d9  
[2016/07/08 18:52:13 621] isr_local  1067 now expires:  1468029133  1485072161  
[2016/07/08 18:52:13 703] isr_local  1579 proc_retcode_grm | errorcode =  0  
[2016/07/08 18:52:14 050] isr_local  1956 grammar id:cmd  
[2016/07/08 18:52:14 061] isr_local  1571 onGrmLocalServiceCb  0  cmd  
