============================================================
Time  2016/07/08 18:52:36 702 
============================================================
[2016/07/08 18:52:36 709] waiter     120  waiter loaded!  
[2016/07/08 18:52:36 798] network    380  redns  def  open.xf-yun.com  
[2016/07/08 18:52:36 814] waiter     196  last gc at  1468029156  
[2016/07/08 18:52:36 874] network    173  dns resp  10214  
[2016/07/08 18:52:36 894] network    397  redns dns resp  nil  10214  nil  nil  
[2016/07/08 18:52:37 642] network    380  redns  def  open.xf-yun.com  
[2016/07/08 18:52:37 671] waiter     196  last gc at  1468029156  
[2016/07/08 18:52:37 701] network    173  dns resp  10214  
[2016/07/08 18:52:37 717] network    397  redns dns resp  nil  10214  nil  nil  
[2016/07/08 18:52:38 442] waiter     183  start upload timer  
[2016/07/08 18:52:38 458] waiter     184  false  
[2016/07/08 18:52:38 471] waiter     196  last gc at  1468029156  
[2016/07/08 18:52:38 631] network    380  redns  def  open.xf-yun.com  
[2016/07/08 18:52:38 646] waiter     196  last gc at  1468029156  
[2016/07/08 18:52:38 667] network    173  dns resp  10214  
[2016/07/08 18:52:38 672] network    397  redns dns resp  nil  10214  nil  nil  
[2016/07/08 18:52:39 273] network    380  redns  def  open.xf-yun.com  
[2016/07/08 18:52:39 294] waiter     196  last gc at  1468029156  
[2016/07/08 18:52:39 315] network    173  dns resp  10214  
[2016/07/08 18:52:39 321] network    397  redns dns resp  nil  10214  nil  nil  
[2016/07/08 18:52:39 919] network    380  redns  def  open.xf-yun.com  
[2016/07/08 18:52:39 934] waiter     196  last gc at  1468029156  
[2016/07/08 18:52:39 955] network    173  dns resp  10214  
[2016/07/08 18:52:39 961] network    397  redns dns resp  nil  10214  nil  nil  
[2016/07/08 18:52:40 555] network    380  redns  def  open.xf-yun.com  
[2016/07/08 18:52:40 570] waiter     196  last gc at  1468029156  
[2016/07/08 18:52:40 591] network    173  dns resp  10214  
[2016/07/08 18:52:40 597] network    397  redns dns resp  nil  10214  nil  nil  
[2016/07/08 18:52:41 179] network    380  redns  def  open.xf-yun.com  
[2016/07/08 18:52:41 198] waiter     196  last gc at  1468029156  
[2016/07/08 18:52:41 217] network    173  dns resp  10214  
[2016/07/08 18:52:41 222] network    397  redns dns resp  nil  10214  nil  nil  
[2016/07/08 18:52:41 810] network    380  redns  def  open.xf-yun.com  
[2016/07/08 18:52:41 826] waiter     196  last gc at  1468029156  
[2016/07/08 18:52:41 846] network    173  dns resp  10214  
[2016/07/08 18:52:41 851] network    397  redns dns resp  nil  10214  nil  nil  
[2016/07/08 18:52:42 445] network    380  redns  def  open.xf-yun.com  
[2016/07/08 18:52:42 466] waiter     196  last gc at  1468029156  
[2016/07/08 18:52:42 485] network    173  dns resp  10214  
[2016/07/08 18:52:42 490] network    397  redns dns resp  nil  10214  nil  nil  
[2016/07/08 18:52:43 074] network    380  redns  def  open.xf-yun.com  
[2016/07/08 18:52:43 090] waiter     196  last gc at  1468029156  
[2016/07/08 18:52:43 132] network    173  dns resp  10214  
[2016/07/08 18:52:43 138] network    397  redns dns resp  nil  10214  nil  nil  
[2016/07/08 18:52:47 994] network    380  redns  def  open.xf-yun.com  
[2016/07/08 18:52:48 018] waiter     196  last gc at  1468029156  
[2016/07/08 18:52:48 051] network    173  dns resp  10214  
[2016/07/08 18:52:48 057] network    397  redns dns resp  nil  10214  nil  nil  
[2016/07/08 18:56:22 374] waiter     183  start upload timer  
[2016/07/08 18:56:22 414] waiter     184  true  
[2016/07/08 18:56:30 627] waiter     183  start upload timer  
[2016/07/08 18:56:30 666] waiter     184  true  
[2016/07/08 18:56:38 313] waiter     183  start upload timer  
[2016/07/08 18:56:38 351] waiter     184  true  
[2016/07/08 18:56:48 504] waiter     183  start upload timer  
[2016/07/08 18:56:48 534] waiter     184  true  
[2016/07/08 18:56:54 165] waiter     183  start upload timer  
[2016/07/08 18:56:54 218] waiter     184  true  
[2016/07/08 18:57:05 603] waiter     183  start upload timer  
[2016/07/08 18:57:05 632] waiter     184  true  
[2016/07/08 18:57:09 951] waiter     183  start upload timer  
[2016/07/08 18:57:09 986] waiter     184  true  
[2016/07/08 18:57:17 318] waiter     183  start upload timer  
[2016/07/08 18:57:17 355] waiter     184  true  
[2016/07/08 18:57:28 173] waiter     183  start upload timer  
[2016/07/08 18:57:28 322] waiter     184  true  
[2016/07/08 18:57:37 260] waiter     183  start upload timer  
[2016/07/08 18:57:37 282] waiter     184  true  
[2016/07/08 18:57:40 570] waiter     183  start upload timer  
[2016/07/08 18:57:40 602] waiter     184  true  
[2016/07/08 18:57:48 254] waiter     183  start upload timer  
[2016/07/08 18:57:48 274] waiter     184  true  
[2016/07/08 18:57:55 727] waiter     183  start upload timer  
[2016/07/08 18:57:55 778] waiter     184  true  
[2016/07/08 18:58:04 387] waiter     183  start upload timer  
[2016/07/08 18:58:04 443] waiter     184  true  
[2016/07/08 18:58:12 075] waiter     183  start upload timer  
[2016/07/08 18:58:12 126] waiter     184  true  
[2016/07/08 18:58:22 739] waiter     183  start upload timer  
[2016/07/08 18:58:22 760] waiter     184  true  
[2016/07/08 18:58:28 054] waiter     183  start upload timer  
[2016/07/08 18:58:28 098] waiter     184  true  
[2016/07/08 18:58:37 895] waiter     183  start upload timer  
[2016/07/08 18:58:37 979] waiter     184  true  
[2016/07/08 18:58:45 795] waiter     183  start upload timer  
[2016/07/08 18:58:45 839] waiter     184  true  
[2016/07/08 18:58:54 068] waiter     183  start upload timer  
[2016/07/08 18:58:54 106] waiter     184  true  
[2016/07/08 18:59:06 714] waiter     183  start upload timer  
[2016/07/08 18:59:06 735] waiter     184  true  
[2016/07/08 18:59:13 626] waiter     183  start upload timer  
[2016/07/08 18:59:13 647] waiter     184  true  
[2016/07/08 18:59:18 820] waiter     183  start upload timer  
[2016/07/08 18:59:18 875] waiter     184  true  
[2016/07/08 18:59:27 155] waiter     183  start upload timer  
[2016/07/08 18:59:27 193] waiter     184  true  
[2016/07/08 18:59:35 211] waiter     183  start upload timer  
[2016/07/08 18:59:35 301] waiter     184  true  
[2016/07/08 18:59:46 403] waiter     183  start upload timer  
[2016/07/08 18:59:46 412] waiter     184  true  
[2016/07/08 18:59:51 678] waiter     183  start upload timer  
[2016/07/08 18:59:51 711] waiter     184  true  
[2016/07/08 18:59:58 870] waiter     183  start upload timer  
[2016/07/08 18:59:58 902] waiter     184  true  
[2016/07/08 19:00:06 985] waiter     183  start upload timer  
[2016/07/08 19:00:07 080] waiter     184  true  
[2016/07/08 19:00:15 870] waiter     183  start upload timer  
[2016/07/08 19:00:15 923] waiter     184  true  
[2016/07/08 19:00:23 895] waiter     183  start upload timer  
[2016/07/08 19:00:23 939] waiter     184  true  
[2016/07/08 19:00:35 784] waiter     183  start upload timer  
[2016/07/08 19:00:35 802] waiter     184  true  
[2016/07/08 19:00:40 481] waiter     183  start upload timer  
[2016/07/08 19:00:40 501] waiter     184  true  
[2016/07/08 19:00:48 420] waiter     183  start upload timer  
[2016/07/08 19:00:48 462] waiter     184  true  
[2016/07/08 19:00:56 255] waiter     183  start upload timer  
[2016/07/08 19:00:56 290] waiter     184  true  
[2016/07/08 19:01:03 814] waiter     183  start upload timer  
[2016/07/08 19:01:03 847] waiter     184  true  
[2016/07/08 19:01:11 834] waiter     183  start upload timer  
[2016/07/08 19:01:11 876] waiter     184  true  
[2016/07/08 19:01:21 300] waiter     183  start upload timer  
[2016/07/08 19:01:21 358] waiter     184  true  
[2016/07/08 19:01:33 472] waiter     183  start upload timer  
[2016/07/08 19:01:33 508] waiter     184  true  
[2016/07/08 19:01:43 442] waiter     183  start upload timer  
[2016/07/08 19:01:43 466] waiter     184  true  
[2016/07/08 19:01:52 150] waiter     183  start upload timer  
[2016/07/08 19:01:52 170] waiter     184  true  
[2016/07/08 19:01:57 418] waiter     183  start upload timer  
[2016/07/08 19:01:57 442] waiter     184  true  
[2016/07/08 19:02:05 203] waiter     183  start upload timer  
[2016/07/08 19:02:05 254] waiter     184  true  
[2016/07/08 19:02:16 186] waiter     183  start upload timer  
[2016/07/08 19:02:16 202] waiter     184  true  
[2016/07/08 19:02:21 191] waiter     183  start upload timer  
[2016/07/08 19:02:21 231] waiter     184  true  
[2016/07/08 19:02:29 855] waiter     183  start upload timer  
[2016/07/08 19:02:29 887] waiter     184  true  
[2016/07/08 19:02:37 814] waiter     183  start upload timer  
[2016/07/08 19:02:37 886] waiter     184  true  
[2016/07/08 19:02:47 699] waiter     183  start upload timer  
[2016/07/08 19:02:47 730] waiter     184  true  
[2016/07/08 19:02:54 441] waiter     183  start upload timer  
[2016/07/08 19:02:54 494] waiter     184  true  
[2016/07/08 19:03:05 262] waiter     183  start upload timer  
[2016/07/08 19:03:05 276] waiter     184  true  
[2016/07/08 19:03:12 174] waiter     183  start upload timer  
[2016/07/08 19:03:12 198] waiter     184  true  
[2016/07/08 19:03:21 078] waiter     183  start upload timer  
[2016/07/08 19:03:21 107] waiter     184  true  
[2016/07/08 19:03:26 602] waiter     183  start upload timer  
[2016/07/08 19:03:26 633] waiter     184  true  
[2016/07/08 19:03:37 486] waiter     183  start upload timer  
[2016/07/08 19:03:37 503] waiter     184  true  
[2016/07/08 19:03:42 397] waiter     183  start upload timer  
[2016/07/08 19:03:42 427] waiter     184  true  
[2016/07/08 19:03:53 837] waiter     183  start upload timer  
[2016/07/08 19:03:53 859] waiter     184  true  
[2016/07/08 19:03:59 467] waiter     183  start upload timer  
[2016/07/08 19:03:59 519] waiter     184  true  
[2016/07/08 19:04:07 722] waiter     183  start upload timer  
[2016/07/08 19:04:07 766] waiter     184  true  
[2016/07/08 19:04:16 042] waiter     183  start upload timer  
[2016/07/08 19:04:16 075] waiter     184  true  
[2016/07/08 19:04:24 130] waiter     183  start upload timer  
[2016/07/08 19:04:24 161] waiter     184  true  
[2016/07/08 19:04:32 210] waiter     183  start upload timer  
[2016/07/08 19:04:32 274] waiter     184  true  
[2016/07/08 19:04:39 155] waiter     183  start upload timer  
[2016/07/08 19:04:39 178] waiter     184  true  
[2016/07/08 19:04:48 098] waiter     183  start upload timer  
[2016/07/08 19:04:48 146] waiter     184  true  
[2016/07/08 19:04:59 070] waiter     183  start upload timer  
[2016/07/08 19:04:59 103] waiter     184  true  
[2016/07/08 19:05:05 191] waiter     183  start upload timer  
[2016/07/08 19:05:05 254] waiter     184  true  
[2016/07/08 19:05:13 237] waiter     183  start upload timer  
[2016/07/08 19:05:13 276] waiter     184  true  
[2016/07/08 19:05:21 322] waiter     183  start upload timer  
[2016/07/08 19:05:21 398] waiter     184  true  
[2016/07/08 19:05:29 142] waiter     183  start upload timer  
[2016/07/08 19:05:29 190] waiter     184  true  
[2016/07/08 19:05:40 743] waiter     183  start upload timer  
[2016/07/08 19:05:40 763] waiter     184  true  
[2016/07/08 19:05:45 558] waiter     183  start upload timer  
[2016/07/08 19:05:45 598] waiter     184  true  
[2016/07/08 19:05:53 112] waiter     183  start upload timer  
[2016/07/08 19:05:53 159] waiter     184  true  
[2016/07/08 19:06:04 510] waiter     183  start upload timer  
[2016/07/08 19:06:04 527] waiter     184  true  
[2016/07/08 19:06:10 430] waiter     183  start upload timer  
[2016/07/08 19:06:10 466] waiter     184  true  
[2016/07/08 19:06:21 200] waiter     183  start upload timer  
[2016/07/08 19:06:21 225] waiter     184  true  
[2016/07/08 19:06:28 656] waiter     183  start upload timer  
[2016/07/08 19:06:28 674] waiter     184  true  
[2016/07/08 19:06:35 863] waiter     183  start upload timer  
[2016/07/08 19:06:35 914] waiter     184  true  
[2016/07/08 19:06:43 899] waiter     183  start upload timer  
[2016/07/08 19:06:43 926] waiter     184  true  
[2016/07/08 19:06:51 231] waiter     183  start upload timer  
[2016/07/08 19:06:51 269] waiter     184  true  
[2016/07/08 19:06:58 241] waiter     183  start upload timer  
[2016/07/08 19:06:58 279] waiter     184  true  
[2016/07/08 19:07:05 467] waiter     183  start upload timer  
[2016/07/08 19:07:05 502] waiter     184  true  
[2016/07/08 19:07:15 924] waiter     183  start upload timer  
[2016/07/08 19:07:15 946] waiter     184  true  
[2016/07/08 19:07:24 067] waiter     183  start upload timer  
[2016/07/08 19:07:24 086] waiter     184  true  
[2016/07/08 19:07:28 694] waiter     183  start upload timer  
[2016/07/08 19:07:28 742] waiter     184  true  
[2016/07/08 19:07:38 285] waiter     183  start upload timer  
[2016/07/08 19:07:38 316] waiter     184  true  
[2016/07/08 19:07:44 110] waiter     183  start upload timer  
[2016/07/08 19:07:44 154] waiter     184  true  
[2016/07/08 19:07:51 190] waiter     183  start upload timer  
[2016/07/08 19:07:51 243] waiter     184  true  
[2016/07/08 19:07:58 394] waiter     183  start upload timer  
[2016/07/08 19:07:58 434] waiter     184  true  
[2016/07/08 19:08:05 730] waiter     183  start upload timer  
[2016/07/08 19:08:05 771] waiter     184  true  
[2016/07/08 19:08:13 414] waiter     183  start upload timer  
[2016/07/08 19:08:13 463] waiter     184  true  
[2016/07/08 19:08:20 921] waiter     183  start upload timer  
[2016/07/08 19:08:20 949] waiter     184  true  
[2016/07/08 19:08:30 518] waiter     183  start upload timer  
[2016/07/08 19:08:30 539] waiter     184  true  
[2016/07/08 19:08:37 435] waiter     183  start upload timer  
[2016/07/08 19:08:37 469] waiter     184  true  
[2016/07/08 19:08:46 518] waiter     183  start upload timer  
[2016/07/08 19:08:46 615] waiter     184  true  
[2016/07/08 19:08:56 264] waiter     183  start upload timer  
[2016/07/08 19:08:56 306] waiter     184  true  
[2016/07/08 19:09:02 602] waiter     183  start upload timer  
[2016/07/08 19:09:02 660] waiter     184  true  
[2016/07/08 19:09:09 938] waiter     183  start upload timer  
[2016/07/08 19:09:09 976] waiter     184  true  
[2016/07/08 19:09:17 755] waiter     183  start upload timer  
[2016/07/08 19:09:17 834] waiter     184  true  
[2016/07/08 19:09:27 843] waiter     183  start upload timer  
[2016/07/08 19:09:27 869] waiter     184  true  
[2016/07/08 19:09:36 743] waiter     183  start upload timer  
[2016/07/08 19:09:36 765] waiter     184  true  
[2016/07/08 19:09:42 498] waiter     183  start upload timer  
[2016/07/08 19:09:42 529] waiter     184  true  
[2016/07/08 19:09:52 669] waiter     183  start upload timer  
[2016/07/08 19:09:52 727] waiter     184  true  
[2016/07/08 19:10:01 822] waiter     183  start upload timer  
[2016/07/08 19:10:01 903] waiter     184  true  
[2016/07/08 19:10:07 536] waiter     183  start upload timer  
[2016/07/08 19:10:07 572] waiter     184  true  
[2016/07/08 19:10:15 626] waiter     183  start upload timer  
[2016/07/08 19:10:15 658] waiter     184  true  
[2016/07/08 19:10:22 631] waiter     183  start upload timer  
[2016/07/08 19:10:22 654] waiter     184  true  
[2016/07/08 19:10:32 630] waiter     183  start upload timer  
[2016/07/08 19:10:32 648] waiter     184  true  
[2016/07/08 19:10:40 134] waiter     183  start upload timer  
[2016/07/08 19:10:40 171] waiter     184  true  
[2016/07/08 19:10:46 442] waiter     183  start upload timer  
[2016/07/08 19:10:46 462] waiter     184  true  
[2016/07/08 19:10:54 962] waiter     183  start upload timer  
[2016/07/08 19:10:55 006] waiter     184  true  
[2016/07/08 19:11:04 709] waiter     183  start upload timer  
[2016/07/08 19:11:04 748] waiter     184  true  
[2016/07/08 19:11:10 801] waiter     183  start upload timer  
[2016/07/08 19:11:10 867] waiter     184  true  
[2016/07/08 19:11:20 899] waiter     183  start upload timer  
[2016/07/08 19:11:20 923] waiter     184  true  
[2016/07/08 19:11:27 124] waiter     183  start upload timer  
[2016/07/08 19:11:27 149] waiter     184  true  
[2016/07/08 19:11:34 730] waiter     183  start upload timer  
[2016/07/08 19:11:34 754] waiter     184  true  
[2016/07/08 19:11:43 123] waiter     183  start upload timer  
[2016/07/08 19:11:43 139] waiter     184  true  
[2016/07/08 19:11:51 297] waiter     183  start upload timer  
[2016/07/08 19:11:51 317] waiter     184  true  
[2016/07/08 19:11:59 935] waiter     183  start upload timer  
[2016/07/08 19:11:59 954] waiter     184  true  
[2016/07/08 19:12:06 021] waiter     183  start upload timer  
[2016/07/08 19:12:06 064] waiter     184  true  
[2016/07/08 19:12:16 051] waiter     183  start upload timer  
[2016/07/08 19:12:16 084] waiter     184  true  
[2016/07/08 19:12:21 480] waiter     183  start upload timer  
[2016/07/08 19:12:21 563] waiter     184  true  
[2016/07/08 19:12:28 913] waiter     183  start upload timer  
[2016/07/08 19:12:28 959] waiter     184  true  
[2016/07/08 19:12:37 707] waiter     183  start upload timer  
[2016/07/08 19:12:37 746] waiter     184  true  
[2016/07/08 19:12:45 219] waiter     183  start upload timer  
[2016/07/08 19:12:45 245] waiter     184  true  
[2016/07/08 19:12:52 659] waiter     183  start upload timer  
[2016/07/08 19:12:52 692] waiter     184  true  
[2016/07/08 19:13:01 317] waiter     183  start upload timer  
[2016/07/08 19:13:01 334] waiter     184  true  
[2016/07/08 19:13:10 466] waiter     183  start upload timer  
[2016/07/08 19:13:10 483] waiter     184  true  
[2016/07/08 19:13:16 711] waiter     183  start upload timer  
[2016/07/08 19:13:16 760] waiter     184  true  
[2016/07/08 19:13:24 701] waiter     183  start upload timer  
[2016/07/08 19:13:24 728] waiter     184  true  
[2016/07/08 19:13:32 794] waiter     183  start upload timer  
[2016/07/08 19:13:32 823] waiter     184  true  
[2016/07/08 19:13:40 979] waiter     183  start upload timer  
[2016/07/08 19:13:41 014] waiter     184  true  
[2016/07/08 19:13:48 181] waiter     183  start upload timer  
[2016/07/08 19:13:48 213] waiter     184  true  
[2016/07/08 19:13:55 538] waiter     183  start upload timer  
[2016/07/08 19:13:55 563] waiter     184  true  
[2016/07/08 19:14:03 142] waiter     183  start upload timer  
[2016/07/08 19:14:03 171] waiter     184  true  
[2016/07/08 19:14:11 364] waiter     183  start upload timer  
[2016/07/08 19:14:11 410] waiter     184  true  
[2016/07/08 19:14:19 199] waiter     183  start upload timer  
[2016/07/08 19:14:19 227] waiter     184  true  
[2016/07/08 19:14:28 330] waiter     183  start upload timer  
[2016/07/08 19:14:28 354] waiter     184  true  
[2016/07/08 19:14:34 818] waiter     183  start upload timer  
[2016/07/08 19:14:34 846] waiter     184  true  
[2016/07/08 19:14:45 491] waiter     183  start upload timer  
[2016/07/08 19:14:45 513] waiter     184  true  
[2016/07/08 19:14:53 674] waiter     183  start upload timer  
[2016/07/08 19:14:53 696] waiter     184  true  
[2016/07/08 19:14:57 696] waiter     183  start upload timer  
[2016/07/08 19:14:57 726] waiter     184  true  
[2016/07/08 19:15:07 070] waiter     183  start upload timer  
[2016/07/08 19:15:07 118] waiter     184  true  
[2016/07/08 19:15:13 435] waiter     183  start upload timer  
[2016/07/08 19:15:13 470] waiter     184  true  
[2016/07/08 19:15:22 793] waiter     183  start upload timer  
[2016/07/08 19:15:22 830] waiter     184  true  
[2016/07/08 19:15:30 547] waiter     183  start upload timer  
[2016/07/08 19:15:30 587] waiter     184  true  
[2016/07/08 19:15:37 072] waiter     183  start upload timer  
[2016/07/08 19:15:37 106] waiter     184  true  
[2016/07/08 19:15:46 346] waiter     183  start upload timer  
[2016/07/08 19:15:46 390] waiter     184  true  
[2016/07/08 19:15:54 291] waiter     183  start upload timer  
[2016/07/08 19:15:54 342] waiter     184  true  
[2016/07/08 19:16:01 998] waiter     183  start upload timer  
[2016/07/08 19:16:02 027] waiter     184  true  
[2016/07/08 19:16:09 783] waiter     183  start upload timer  
[2016/07/08 19:16:09 858] waiter     184  true  
[2016/07/08 19:16:17 897] waiter     183  start upload timer  
[2016/07/08 19:16:17 950] waiter     184  true  
[2016/07/08 19:16:25 055] waiter     183  start upload timer  
[2016/07/08 19:16:25 083] waiter     184  true  
[2016/07/08 19:16:32 931] waiter     183  start upload timer  
[2016/07/08 19:16:32 963] waiter     184  true  
[2016/07/08 19:16:40 470] waiter     183  start upload timer  
[2016/07/08 19:16:40 509] waiter     184  true  
[2016/07/08 19:16:49 847] waiter     183  start upload timer  
[2016/07/08 19:16:49 866] waiter     184  true  
[2016/07/08 19:16:58 547] waiter     183  start upload timer  
[2016/07/08 19:16:58 562] waiter     184  true  
[2016/07/08 19:17:05 398] waiter     183  start upload timer  
[2016/07/08 19:17:05 417] waiter     184  true  
[2016/07/08 19:17:12 161] waiter     183  start upload timer  
[2016/07/08 19:17:12 183] waiter     184  true  
[2016/07/08 19:17:19 545] waiter     183  start upload timer  
[2016/07/08 19:17:19 618] waiter     184  true  
[2016/07/08 19:17:27 430] waiter     183  start upload timer  
[2016/07/08 19:17:27 467] waiter     184  true  
[2016/07/08 19:17:34 814] waiter     183  start upload timer  
[2016/07/08 19:17:34 835] waiter     184  true  
[2016/07/08 19:17:42 487] waiter     183  start upload timer  
[2016/07/08 19:17:42 534] waiter     184  true  
[2016/07/08 19:17:51 148] waiter     183  start upload timer  
[2016/07/08 19:17:51 186] waiter     184  true  
[2016/07/08 19:17:58 502] waiter     183  start upload timer  
[2016/07/08 19:17:58 567] waiter     184  true  
[2016/07/08 19:18:06 328] waiter     183  start upload timer  
[2016/07/08 19:18:06 346] waiter     184  true  
[2016/07/08 19:18:15 602] waiter     183  start upload timer  
[2016/07/08 19:18:15 620] waiter     184  true  
[2016/07/08 19:18:21 666] waiter     183  start upload timer  
[2016/07/08 19:18:21 687] waiter     184  true  
[2016/07/08 19:18:29 252] waiter     183  start upload timer  
[2016/07/08 19:18:29 282] waiter     184  true  
[2016/07/08 19:18:36 606] waiter     183  start upload timer  
[2016/07/08 19:18:36 642] waiter     184  true  
[2016/07/08 19:18:44 891] waiter     183  start upload timer  
[2016/07/08 19:18:44 911] waiter     184  true  
[2016/07/08 19:18:53 342] waiter     183  start upload timer  
[2016/07/08 19:18:53 358] waiter     184  true  
[2016/07/08 19:19:00 110] waiter     183  start upload timer  
[2016/07/08 19:19:00 150] waiter     184  true  
[2016/07/08 19:19:09 628] waiter     183  start upload timer  
[2016/07/08 19:19:09 654] waiter     184  true  
[2016/07/08 19:19:16 062] waiter     183  start upload timer  
[2016/07/08 19:19:16 099] waiter     184  true  
[2016/07/08 19:19:25 721] waiter     183  start upload timer  
[2016/07/08 19:19:25 743] waiter     184  true  
[2016/07/08 19:19:33 798] waiter     183  start upload timer  
[2016/07/08 19:19:33 828] waiter     184  true  
[2016/07/08 19:19:39 848] waiter     183  start upload timer  
[2016/07/08 19:19:39 935] waiter     184  true  
[2016/07/08 19:19:46 995] waiter     183  start upload timer  
[2016/07/08 19:19:47 030] waiter     184  true  
[2016/07/08 19:19:54 318] waiter     183  start upload timer  
[2016/07/08 19:19:54 351] waiter     184  true  
[2016/07/08 19:20:02 610] waiter     183  start upload timer  
[2016/07/08 19:20:02 646] waiter     184  true  
[2016/07/08 19:20:10 582] waiter     183  start upload timer  
[2016/07/08 19:20:10 638] waiter     184  true  
[2016/07/08 19:20:18 525] waiter     183  start upload timer  
[2016/07/08 19:20:18 552] waiter     184  true  
[2016/07/08 19:20:26 004] waiter     183  start upload timer  
[2016/07/08 19:20:26 030] waiter     184  true  
[2016/07/08 19:20:33 862] waiter     183  start upload timer  
[2016/07/08 19:20:33 891] waiter     184  true  
[2016/07/08 19:20:42 058] waiter     183  start upload timer  
[2016/07/08 19:20:42 090] waiter     184  true  
[2016/07/08 19:20:49 819] waiter     183  start upload timer  
[2016/07/08 19:20:49 868] waiter     184  true  
[2016/07/08 19:20:56 766] waiter     183  start upload timer  
[2016/07/08 19:20:56 798] waiter     184  true  
[2016/07/08 19:21:04 186] waiter     183  start upload timer  
[2016/07/08 19:21:04 209] waiter     184  true  
[2016/07/08 19:21:12 840] waiter     183  start upload timer  
[2016/07/08 19:21:12 879] waiter     184  true  
[2016/07/08 19:21:19 228] waiter     183  start upload timer  
[2016/07/08 19:21:19 259] waiter     184  true  
[2016/07/08 19:21:30 237] waiter     183  start upload timer  
[2016/07/08 19:21:30 262] waiter     184  true  
[2016/07/08 19:21:36 970] waiter     183  start upload timer  
[2016/07/08 19:21:37 042] waiter     184  true  
[2016/07/08 19:21:44 982] waiter     183  start upload timer  
[2016/07/08 19:21:45 018] waiter     184  true  
[2016/07/08 19:21:51 396] waiter     183  start upload timer  
[2016/07/08 19:21:51 433] waiter     184  true  
[2016/07/08 19:22:00 485] waiter     183  start upload timer  
[2016/07/08 19:22:00 522] waiter     184  true  
[2016/07/08 19:22:07 695] waiter     183  start upload timer  
[2016/07/08 19:22:07 734] waiter     184  true  
[2016/07/08 19:22:16 003] waiter     183  start upload timer  
[2016/07/08 19:22:16 025] waiter     184  true  
[2016/07/08 19:22:23 586] waiter     183  start upload timer  
[2016/07/08 19:22:23 618] waiter     184  true  
[2016/07/08 19:22:31 207] waiter     183  start upload timer  
[2016/07/08 19:22:31 250] waiter     184  true  
[2016/07/08 19:22:39 335] waiter     183  start upload timer  
[2016/07/08 19:22:39 375] waiter     184  true  
[2016/07/08 19:22:46 502] waiter     183  start upload timer  
[2016/07/08 19:22:46 524] waiter     184  true  
[2016/07/08 19:22:55 908] waiter     183  start upload timer  
[2016/07/08 19:22:55 943] waiter     184  true  
[2016/07/08 19:23:03 842] waiter     183  start upload timer  
[2016/07/08 19:23:03 874] waiter     184  true  
[2016/07/08 19:23:15 405] waiter     183  start upload timer  
[2016/07/08 19:23:15 441] waiter     184  true  
[2016/07/08 19:23:25 493] waiter     183  start upload timer  
[2016/07/08 19:23:25 536] waiter     184  true  
[2016/07/08 19:23:34 869] waiter     183  start upload timer  
[2016/07/08 19:23:34 897] waiter     184  true  
[2016/07/08 19:23:45 032] waiter     183  start upload timer  
[2016/07/08 19:23:45 129] waiter     184  true  
[2016/07/08 19:23:56 466] waiter     183  start upload timer  
[2016/07/08 19:23:56 507] waiter     184  true  
[2016/07/08 19:24:06 457] waiter     183  start upload timer  
[2016/07/08 19:24:06 485] waiter     184  true  
[2016/07/08 19:24:16 133] waiter     183  start upload timer  
[2016/07/08 19:24:16 178] waiter     184  true  
[2016/07/08 19:24:26 349] waiter     183  start upload timer  
[2016/07/08 19:24:26 368] waiter     184  true  
[2016/07/08 19:24:38 516] waiter     183  start upload timer  
[2016/07/08 19:24:38 529] waiter     184  true  
[2016/07/08 19:24:44 103] waiter     183  start upload timer  
[2016/07/08 19:24:44 158] waiter     184  true  
[2016/07/08 19:24:53 957] waiter     183  start upload timer  
[2016/07/08 19:24:53 997] waiter     184  true  
[2016/07/08 19:25:02 383] waiter     183  start upload timer  
[2016/07/08 19:25:02 418] waiter     184  true  
[2016/07/08 19:25:08 454] waiter     183  start upload timer  
[2016/07/08 19:25:08 478] waiter     184  true  
[2016/07/08 19:25:17 779] waiter     183  start upload timer  
[2016/07/08 19:25:17 826] waiter     184  true  
[2016/07/08 19:25:23 524] waiter     183  start upload timer  
[2016/07/08 19:25:23 558] waiter     184  true  
[2016/07/08 19:25:29 430] waiter     183  start upload timer  
[2016/07/08 19:25:29 483] waiter     184  true  
[2016/07/08 19:25:35 523] waiter     183  start upload timer  
[2016/07/08 19:25:35 552] waiter     184  true  
[2016/07/08 19:25:41 034] waiter     183  start upload timer  
[2016/07/08 19:25:41 066] waiter     184  true  
[2016/07/08 19:25:47 371] waiter     183  start upload timer  
[2016/07/08 19:25:47 386] waiter     184  true  
[2016/07/08 19:25:52 638] waiter     183  start upload timer  
[2016/07/08 19:25:52 670] waiter     184  true  
[2016/07/08 19:25:58 450] waiter     183  start upload timer  
[2016/07/08 19:25:58 483] waiter     184  true  
[2016/07/08 19:26:04 166] waiter     183  start upload timer  
[2016/07/08 19:26:04 184] waiter     184  true  
[2016/07/08 19:26:10 314] waiter     183  start upload timer  
[2016/07/08 19:26:10 335] waiter     184  true  
[2016/07/08 19:26:16 281] waiter     183  start upload timer  
[2016/07/08 19:26:16 314] waiter     184  true  
[2016/07/08 19:26:22 118] waiter     183  start upload timer  
[2016/07/08 19:26:22 142] waiter     184  true  
[2016/07/08 19:26:27 814] waiter     183  start upload timer  
[2016/07/08 19:26:27 847] waiter     184  true  
[2016/07/08 19:26:33 263] waiter     183  start upload timer  
[2016/07/08 19:26:33 278] waiter     184  true  
[2016/07/08 19:26:38 790] waiter     183  start upload timer  
[2016/07/08 19:26:38 818] waiter     184  true  
[2016/07/08 19:26:46 254] waiter     183  start upload timer  
[2016/07/08 19:26:46 270] waiter     184  true  
[2016/07/08 19:26:51 270] waiter     183  start upload timer  
[2016/07/08 19:26:51 294] waiter     184  true  
[2016/07/08 19:27:00 838] waiter     183  start upload timer  
[2016/07/08 19:27:01 082] waiter     184  true  
[2016/07/08 19:27:12 739] waiter     183  start upload timer  
[2016/07/08 19:27:12 760] waiter     184  true  
